Thu Mar 20 23:40:18 IST 2025: Nginx backup successful: /home/Mike/backup/nginx_backup_2025-03-20.tar.gz
etc/nginx/
etc/nginx/sites-enabled/
etc/nginx/sites-enabled/default
etc/nginx/scgi_params
etc/nginx/modules-enabled/
etc/nginx/modules-enabled/50-mod-stream.conf
etc/nginx/modules-enabled/50-mod-mail.conf
etc/nginx/modules-enabled/50-mod-http-xslt-filter.conf
etc/nginx/modules-enabled/50-mod-http-image-filter.conf
etc/nginx/koi-win
etc/nginx/koi-utf
etc/nginx/mime.types
etc/nginx/conf.d/
etc/nginx/win-utf
etc/nginx/uwsgi_params
etc/nginx/fastcgi_params
etc/nginx/fastcgi.conf
etc/nginx/sites-available/
etc/nginx/sites-available/default
etc/nginx/nginx.conf
etc/nginx/modules-available/
etc/nginx/snippets/
etc/nginx/snippets/fastcgi-php.conf
etc/nginx/snippets/snakeoil.conf
etc/nginx/proxy_params
usr/share/nginx/html/
usr/share/nginx/html/index.html
